{"/Users/richardlucas/Projects/vision/app.js":{"path":"/Users/richardlucas/Projects/vision/app.js","s":{"1":1},"b":{},"f":{},"fnMap":{},"statementMap":{"1":{"start":{"line":1,"column":0},"end":{"line":1,"column":42}}},"branchMap":{}},"/Users/richardlucas/Projects/vision/lib/express/index.js":{"path":"/Users/richardlucas/Projects/vision/lib/express/index.js","s":{"1":1,"2":0,"3":0,"4":0,"5":0,"6":0,"7":0,"8":0,"9":0,"10":0},"b":{},"f":{"1":0},"fnMap":{"1":{"name":"(anonymous_1)","line":41,"loc":{"start":{"line":41,"column":47},"end":{"line":41,"column":57}}}},"statementMap":{"1":{"start":{"line":2,"column":0},"end":{"line":9,"column":20}},"2":{"start":{"line":12,"column":0},"end":{"line":12,"column":44}},"3":{"start":{"line":19,"column":0},"end":{"line":19,"column":32}},"4":{"start":{"line":22,"column":0},"end":{"line":25,"column":4}},"5":{"start":{"line":28,"column":0},"end":{"line":28,"column":24}},"6":{"start":{"line":35,"column":0},"end":{"line":35,"column":39}},"7":{"start":{"line":38,"column":0},"end":{"line":38,"column":35}},"8":{"start":{"line":41,"column":0},"end":{"line":43,"column":3}},"9":{"start":{"line":42,"column":4},"end":{"line":42,"column":64}},"10":{"start":{"line":45,"column":0},"end":{"line":45,"column":21}}},"branchMap":{}},"/Users/richardlucas/Projects/vision/lib/configuration/index.js":{"path":"/Users/richardlucas/Projects/vision/lib/configuration/index.js","s":{"1":1,"2":1,"3":1,"4":1,"5":1,"6":1,"7":1,"8":3,"9":1},"b":{"1":[1,1]},"f":{"1":1,"2":3},"fnMap":{"1":{"name":"Config","line":3,"loc":{"start":{"line":3,"column":0},"end":{"line":3,"column":18}}},"2":{"name":"(anonymous_2)","line":10,"loc":{"start":{"line":10,"column":23},"end":{"line":10,"column":37}}}},"statementMap":{"1":{"start":{"line":1,"column":0},"end":{"line":1,"column":29}},"2":{"start":{"line":3,"column":0},"end":{"line":8,"column":1}},"3":{"start":{"line":4,"column":4},"end":{"line":4,"column":26}},"4":{"start":{"line":5,"column":4},"end":{"line":5,"column":61}},"5":{"start":{"line":6,"column":4},"end":{"line":6,"column":63}},"6":{"start":{"line":7,"column":4},"end":{"line":7,"column":49}},"7":{"start":{"line":10,"column":0},"end":{"line":12,"column":2}},"8":{"start":{"line":11,"column":4},"end":{"line":11,"column":26}},"9":{"start":{"line":14,"column":0},"end":{"line":14,"column":30}}},"branchMap":{"1":{"line":5,"type":"binary-expr","locations":[{"start":{"line":5,"column":22},"end":{"line":5,"column":43}},{"start":{"line":5,"column":47},"end":{"line":5,"column":60}}]}}},"/Users/richardlucas/Projects/vision/lib/db/index.js":{"path":"/Users/richardlucas/Projects/vision/lib/db/index.js","s":{"1":1,"2":1},"b":{},"f":{},"fnMap":{},"statementMap":{"1":{"start":{"line":1,"column":0},"end":{"line":9,"column":6}},"2":{"start":{"line":11,"column":0},"end":{"line":11,"column":52}}},"branchMap":{}},"/Users/richardlucas/Projects/vision/lib/routes/heartbeat.js":{"path":"/Users/richardlucas/Projects/vision/lib/routes/heartbeat.js","s":{"1":1,"2":0},"b":{},"f":{"1":0},"fnMap":{"1":{"name":"(anonymous_1)","line":1,"loc":{"start":{"line":1,"column":16},"end":{"line":1,"column":35}}}},"statementMap":{"1":{"start":{"line":1,"column":0},"end":{"line":3,"column":2}},"2":{"start":{"line":2,"column":4},"end":{"line":2,"column":24}}},"branchMap":{}},"/Users/richardlucas/Projects/vision/lib/routes/project.js":{"path":"/Users/richardlucas/Projects/vision/lib/routes/project.js","s":{"1":1,"2":0,"3":0,"4":0,"5":0,"6":0,"7":0,"8":0,"9":0,"10":0,"11":0,"12":0,"13":0,"14":0},"b":{"1":[0,0],"2":[0,0],"3":[0,0]},"f":{"1":0,"2":0},"fnMap":{"1":{"name":"(anonymous_1)","line":7,"loc":{"start":{"line":7,"column":15},"end":{"line":7,"column":34}}},"2":{"name":"(anonymous_2)","line":17,"loc":{"start":{"line":17,"column":42},"end":{"line":17,"column":67}}}},"statementMap":{"1":{"start":{"line":1,"column":0},"end":{"line":5,"column":35}},"2":{"start":{"line":7,"column":0},"end":{"line":28,"column":2}},"3":{"start":{"line":8,"column":4},"end":{"line":8,"column":41}},"4":{"start":{"line":10,"column":4},"end":{"line":12,"column":5}},"5":{"start":{"line":11,"column":8},"end":{"line":11,"column":44}},"6":{"start":{"line":14,"column":4},"end":{"line":14,"column":31}},"7":{"start":{"line":15,"column":4},"end":{"line":15,"column":33}},"8":{"start":{"line":17,"column":4},"end":{"line":27,"column":7}},"9":{"start":{"line":18,"column":8},"end":{"line":20,"column":9}},"10":{"start":{"line":19,"column":12},"end":{"line":19,"column":58}},"11":{"start":{"line":21,"column":8},"end":{"line":23,"column":9}},"12":{"start":{"line":22,"column":12},"end":{"line":22,"column":45}},"13":{"start":{"line":25,"column":8},"end":{"line":25,"column":48}},"14":{"start":{"line":26,"column":8},"end":{"line":26,"column":38}}},"branchMap":{"1":{"line":10,"type":"if","locations":[{"start":{"line":10,"column":4},"end":{"line":10,"column":4}},{"start":{"line":10,"column":4},"end":{"line":10,"column":4}}]},"2":{"line":18,"type":"if","locations":[{"start":{"line":18,"column":8},"end":{"line":18,"column":8}},{"start":{"line":18,"column":8},"end":{"line":18,"column":8}}]},"3":{"line":21,"type":"if","locations":[{"start":{"line":21,"column":8},"end":{"line":21,"column":8}},{"start":{"line":21,"column":8},"end":{"line":21,"column":8}}]}}},"/Users/richardlucas/Projects/vision/lib/logger/index.js":{"path":"/Users/richardlucas/Projects/vision/lib/logger/index.js","s":{"1":1,"2":1,"3":1,"4":1},"b":{},"f":{"1":1},"fnMap":{"1":{"name":"Logger","line":9,"loc":{"start":{"line":9,"column":0},"end":{"line":9,"column":18}}}},"statementMap":{"1":{"start":{"line":1,"column":0},"end":{"line":2,"column":41}},"2":{"start":{"line":9,"column":0},"end":{"line":16,"column":1}},"3":{"start":{"line":10,"column":4},"end":{"line":15,"column":7}},"4":{"start":{"line":18,"column":0},"end":{"line":18,"column":30}}},"branchMap":{}},"/Users/richardlucas/Projects/vision/lib/project/index.js":{"path":"/Users/richardlucas/Projects/vision/lib/project/index.js","s":{"1":1,"2":1,"3":1,"4":0,"5":0,"6":0,"7":0,"8":0,"9":0,"10":0,"11":0,"12":0,"13":0,"14":0},"b":{"1":[0,0],"2":[0,0],"3":[0,0]},"f":{"1":0,"2":0,"3":0,"4":0},"fnMap":{"1":{"name":"Project","line":4,"loc":{"start":{"line":4,"column":0},"end":{"line":4,"column":19}}},"2":{"name":"(anonymous_2)","line":6,"loc":{"start":{"line":6,"column":25},"end":{"line":6,"column":56}}},"3":{"name":"(anonymous_3)","line":10,"loc":{"start":{"line":10,"column":33},"end":{"line":10,"column":55}}},"4":{"name":"(anonymous_4)","line":18,"loc":{"start":{"line":18,"column":21},"end":{"line":18,"column":40}}}},"statementMap":{"1":{"start":{"line":1,"column":0},"end":{"line":1,"column":58}},"2":{"start":{"line":4,"column":0},"end":{"line":4,"column":21}},"3":{"start":{"line":6,"column":0},"end":{"line":25,"column":2}},"4":{"start":{"line":7,"column":4},"end":{"line":7,"column":33}},"5":{"start":{"line":8,"column":4},"end":{"line":8,"column":42}},"6":{"start":{"line":10,"column":4},"end":{"line":24,"column":7}},"7":{"start":{"line":11,"column":8},"end":{"line":13,"column":9}},"8":{"start":{"line":12,"column":12},"end":{"line":12,"column":41}},"9":{"start":{"line":14,"column":8},"end":{"line":16,"column":9}},"10":{"start":{"line":15,"column":12},"end":{"line":15,"column":40}},"11":{"start":{"line":18,"column":8},"end":{"line":23,"column":11}},"12":{"start":{"line":19,"column":12},"end":{"line":21,"column":13}},"13":{"start":{"line":20,"column":16},"end":{"line":20,"column":45}},"14":{"start":{"line":22,"column":12},"end":{"line":22,"column":37}}},"branchMap":{"1":{"line":11,"type":"if","locations":[{"start":{"line":11,"column":8},"end":{"line":11,"column":8}},{"start":{"line":11,"column":8},"end":{"line":11,"column":8}}]},"2":{"line":14,"type":"if","locations":[{"start":{"line":14,"column":8},"end":{"line":14,"column":8}},{"start":{"line":14,"column":8},"end":{"line":14,"column":8}}]},"3":{"line":19,"type":"if","locations":[{"start":{"line":19,"column":12},"end":{"line":19,"column":12}},{"start":{"line":19,"column":12},"end":{"line":19,"column":12}}]}}},"/Users/richardlucas/Projects/vision/lib/models/index.js":{"path":"/Users/richardlucas/Projects/vision/lib/models/index.js","s":{"1":1,"2":1,"3":1,"4":1},"b":{},"f":{},"fnMap":{},"statementMap":{"1":{"start":{"line":5,"column":0},"end":{"line":6,"column":29}},"2":{"start":{"line":8,"column":0},"end":{"line":29,"column":3}},"3":{"start":{"line":31,"column":0},"end":{"line":31,"column":41}},"4":{"start":{"line":33,"column":0},"end":{"line":33,"column":26}}},"branchMap":{}}}