{"/Users/richardlucas/Projects/vision/app.js":{"path":"/Users/richardlucas/Projects/vision/app.js","s":{"1":1},"b":{},"f":{},"fnMap":{},"statementMap":{"1":{"start":{"line":1,"column":0},"end":{"line":1,"column":42}}},"branchMap":{}},"/Users/richardlucas/Projects/vision/lib/express/index.js":{"path":"/Users/richardlucas/Projects/vision/lib/express/index.js","s":{"1":1,"2":1,"3":1,"4":1,"5":1,"6":1,"7":1,"8":1},"b":{},"f":{"1":1},"fnMap":{"1":{"name":"(anonymous_1)","line":25,"loc":{"start":{"line":25,"column":47},"end":{"line":25,"column":57}}}},"statementMap":{"1":{"start":{"line":2,"column":0},"end":{"line":7,"column":20}},"2":{"start":{"line":10,"column":0},"end":{"line":10,"column":44}},"3":{"start":{"line":13,"column":0},"end":{"line":13,"column":39}},"4":{"start":{"line":16,"column":0},"end":{"line":19,"column":4}},"5":{"start":{"line":22,"column":0},"end":{"line":22,"column":24}},"6":{"start":{"line":25,"column":0},"end":{"line":27,"column":3}},"7":{"start":{"line":26,"column":4},"end":{"line":26,"column":64}},"8":{"start":{"line":29,"column":0},"end":{"line":29,"column":21}}},"branchMap":{}},"/Users/richardlucas/Projects/vision/lib/configuration/index.js":{"path":"/Users/richardlucas/Projects/vision/lib/configuration/index.js","s":{"1":1,"2":1,"3":1,"4":1,"5":1,"6":1,"7":1,"8":3,"9":1},"b":{"1":[1,1]},"f":{"1":1,"2":3},"fnMap":{"1":{"name":"Config","line":3,"loc":{"start":{"line":3,"column":0},"end":{"line":3,"column":18}}},"2":{"name":"(anonymous_2)","line":10,"loc":{"start":{"line":10,"column":23},"end":{"line":10,"column":37}}}},"statementMap":{"1":{"start":{"line":1,"column":0},"end":{"line":1,"column":29}},"2":{"start":{"line":3,"column":0},"end":{"line":8,"column":1}},"3":{"start":{"line":4,"column":4},"end":{"line":4,"column":26}},"4":{"start":{"line":5,"column":4},"end":{"line":5,"column":61}},"5":{"start":{"line":6,"column":4},"end":{"line":6,"column":63}},"6":{"start":{"line":7,"column":4},"end":{"line":7,"column":49}},"7":{"start":{"line":10,"column":0},"end":{"line":12,"column":2}},"8":{"start":{"line":11,"column":4},"end":{"line":11,"column":26}},"9":{"start":{"line":14,"column":0},"end":{"line":14,"column":30}}},"branchMap":{"1":{"line":5,"type":"binary-expr","locations":[{"start":{"line":5,"column":22},"end":{"line":5,"column":43}},{"start":{"line":5,"column":47},"end":{"line":5,"column":60}}]}}},"/Users/richardlucas/Projects/vision/lib/routes/heartbeat.js":{"path":"/Users/richardlucas/Projects/vision/lib/routes/heartbeat.js","s":{"1":1,"2":1},"b":{},"f":{"1":1},"fnMap":{"1":{"name":"(anonymous_1)","line":1,"loc":{"start":{"line":1,"column":16},"end":{"line":1,"column":35}}}},"statementMap":{"1":{"start":{"line":1,"column":0},"end":{"line":3,"column":2}},"2":{"start":{"line":2,"column":4},"end":{"line":2,"column":24}}},"branchMap":{}},"/Users/richardlucas/Projects/vision/lib/middleware/notFound.js":{"path":"/Users/richardlucas/Projects/vision/lib/middleware/notFound.js","s":{"1":1,"2":1,"3":1,"4":1},"b":{},"f":{"1":1},"fnMap":{"1":{"name":"(anonymous_1)","line":3,"loc":{"start":{"line":3,"column":16},"end":{"line":3,"column":41}}}},"statementMap":{"1":{"start":{"line":1,"column":0},"end":{"line":1,"column":34}},"2":{"start":{"line":3,"column":0},"end":{"line":6,"column":2}},"3":{"start":{"line":4,"column":4},"end":{"line":4,"column":30}},"4":{"start":{"line":5,"column":4},"end":{"line":5,"column":32}}},"branchMap":{}},"/Users/richardlucas/Projects/vision/lib/logger/index.js":{"path":"/Users/richardlucas/Projects/vision/lib/logger/index.js","s":{"1":1,"2":1,"3":1,"4":1},"b":{},"f":{"1":1},"fnMap":{"1":{"name":"Logger","line":9,"loc":{"start":{"line":9,"column":0},"end":{"line":9,"column":18}}}},"statementMap":{"1":{"start":{"line":1,"column":0},"end":{"line":2,"column":41}},"2":{"start":{"line":9,"column":0},"end":{"line":16,"column":1}},"3":{"start":{"line":10,"column":4},"end":{"line":15,"column":7}},"4":{"start":{"line":18,"column":0},"end":{"line":18,"column":30}}},"branchMap":{}}}