TN:
SF:/Users/richardlucas/Projects/vision/app.js
FNF:0
FNH:0
DA:1,1
LF:1
LH:1
BRF:0
BRH:0
end_of_record
TN:
SF:/Users/richardlucas/Projects/vision/lib/express/index.js
FN:41,(anonymous_1)
FNF:1
FNH:0
FNDA:0,(anonymous_1)
DA:2,1
DA:12,0
DA:19,0
DA:22,0
DA:28,0
DA:35,0
DA:38,0
DA:41,0
DA:42,0
DA:45,0
LF:10
LH:1
BRF:0
BRH:0
end_of_record
TN:
SF:/Users/richardlucas/Projects/vision/lib/configuration/index.js
FN:3,Config
FN:10,(anonymous_2)
FNF:2
FNH:2
FNDA:1,Config
FNDA:3,(anonymous_2)
DA:1,1
DA:3,1
DA:4,1
DA:5,1
DA:6,1
DA:7,1
DA:10,1
DA:11,3
DA:14,1
LF:9
LH:9
BRDA:5,1,0,1
BRDA:5,1,1,1
BRF:2
BRH:2
end_of_record
TN:
SF:/Users/richardlucas/Projects/vision/lib/db/index.js
FNF:0
FNH:0
DA:1,1
DA:11,1
LF:2
LH:2
BRF:0
BRH:0
end_of_record
TN:
SF:/Users/richardlucas/Projects/vision/lib/routes/heartbeat.js
FN:1,(anonymous_1)
FNF:1
FNH:0
FNDA:0,(anonymous_1)
DA:1,1
DA:2,0
LF:2
LH:1
BRF:0
BRH:0
end_of_record
TN:
SF:/Users/richardlucas/Projects/vision/lib/routes/project.js
FN:7,(anonymous_1)
FN:17,(anonymous_2)
FNF:2
FNH:0
FNDA:0,(anonymous_1)
FNDA:0,(anonymous_2)
DA:1,1
DA:7,0
DA:8,0
DA:10,0
DA:11,0
DA:14,0
DA:15,0
DA:17,0
DA:18,0
DA:19,0
DA:21,0
DA:22,0
DA:25,0
DA:26,0
LF:14
LH:1
BRDA:10,1,0,0
BRDA:10,1,1,0
BRDA:18,2,0,0
BRDA:18,2,1,0
BRDA:21,3,0,0
BRDA:21,3,1,0
BRF:6
BRH:0
end_of_record
TN:
SF:/Users/richardlucas/Projects/vision/lib/logger/index.js
FN:9,Logger
FNF:1
FNH:1
FNDA:1,Logger
DA:1,1
DA:9,1
DA:10,1
DA:18,1
LF:4
LH:4
BRF:0
BRH:0
end_of_record
TN:
SF:/Users/richardlucas/Projects/vision/lib/project/index.js
FN:4,Project
FN:6,(anonymous_2)
FN:10,(anonymous_3)
FN:18,(anonymous_4)
FNF:4
FNH:0
FNDA:0,Project
FNDA:0,(anonymous_2)
FNDA:0,(anonymous_3)
FNDA:0,(anonymous_4)
DA:1,1
DA:4,1
DA:6,1
DA:7,0
DA:8,0
DA:10,0
DA:11,0
DA:12,0
DA:14,0
DA:15,0
DA:18,0
DA:19,0
DA:20,0
DA:22,0
LF:14
LH:3
BRDA:11,1,0,0
BRDA:11,1,1,0
BRDA:14,2,0,0
BRDA:14,2,1,0
BRDA:19,3,0,0
BRDA:19,3,1,0
BRF:6
BRH:0
end_of_record
TN:
SF:/Users/richardlucas/Projects/vision/lib/models/index.js
FNF:0
FNH:0
DA:5,1
DA:8,1
DA:31,1
DA:33,1
LF:4
LH:4
BRF:0
BRH:0
end_of_record
