TN:
SF:/Users/richardlucas/Projects/vision/app.js
FNF:0
FNH:0
DA:1,1
LF:1
LH:1
BRF:0
BRH:0
end_of_record
TN:
SF:/Users/richardlucas/Projects/vision/lib/express/index.js
FN:25,(anonymous_1)
FNF:1
FNH:1
FNDA:1,(anonymous_1)
DA:2,1
DA:10,1
DA:13,1
DA:16,1
DA:22,1
DA:25,1
DA:26,1
DA:29,1
LF:8
LH:8
BRF:0
BRH:0
end_of_record
TN:
SF:/Users/richardlucas/Projects/vision/lib/configuration/index.js
FN:3,Config
FN:10,(anonymous_2)
FNF:2
FNH:2
FNDA:1,Config
FNDA:3,(anonymous_2)
DA:1,1
DA:3,1
DA:4,1
DA:5,1
DA:6,1
DA:7,1
DA:10,1
DA:11,3
DA:14,1
LF:9
LH:9
BRDA:5,1,0,1
BRDA:5,1,1,1
BRF:2
BRH:2
end_of_record
TN:
SF:/Users/richardlucas/Projects/vision/lib/routes/heartbeat.js
FN:1,(anonymous_1)
FNF:1
FNH:1
FNDA:1,(anonymous_1)
DA:1,1
DA:2,1
LF:2
LH:2
BRF:0
BRH:0
end_of_record
TN:
SF:/Users/richardlucas/Projects/vision/lib/middleware/notFound.js
FN:3,(anonymous_1)
FNF:1
FNH:1
FNDA:1,(anonymous_1)
DA:1,1
DA:3,1
DA:4,1
DA:5,1
LF:4
LH:4
BRF:0
BRH:0
end_of_record
TN:
SF:/Users/richardlucas/Projects/vision/lib/logger/index.js
FN:9,Logger
FNF:1
FNH:1
FNDA:1,Logger
DA:1,1
DA:9,1
DA:10,1
DA:18,1
LF:4
LH:4
BRF:0
BRH:0
end_of_record
